# JRE version: OpenJDK Runtime Environment (15.0+36) (build 15+36-1562)
# Java VM: OpenJDK 64-Bit Server VM (15+36-1562, mixed mode, tiered, compressed oops, g1 gc, windows-amd64)
GC Precious Log:
 CPUs: 4 total, 4 available
 Memory: 8144M
 Large Page Support: Disabled
 NUMA Support: Disabled
 Compressed Oops: Enabled (32-bit)
 Heap Region Size: 1M
 Heap Min Capacity: 8M
 Heap Initial Capacity: 128M
 Heap Max Capacity: 2038M
 Pre-touch: Disabled
 Parallel Workers: 4
 Concurrent Workers: 1
 Concurrent Refinement Workers: 4
 Periodic GC: Disabled
Heap:
 garbage-first heap   total 471040K, used 118121K [0x0000000080a00000, 0x0000000100000000)
  region size 1024K, 7 young (7168K), 7 survivors (7168K)
 Metaspace       used 70250K, capacity 70985K, committed 71244K, reserved 1112064K
  class space    used 8928K, capacity 9210K, committed 9292K, reserved 1048576K
GC Heap History (20 events):
Event: 20.508 GC heap after
{Heap after GC invocations=41 (full 0):
 garbage-first heap   total 89088K, used 50551K [0x0000000080a00000, 0x0000000100000000)
  region size 1024K, 3 young (3072K), 3 survivors (3072K)
 Metaspace       used 68402K, capacity 69145K, committed 69324K, reserved 1110016K
  class space    used 8615K, capacity 8874K, committed 8908K, reserved 1048576K
}
Event: 20.545 GC heap before
{Heap before GC invocations=41 (full 0):
 garbage-first heap   total 89088K, used 72055K [0x0000000080a00000, 0x0000000100000000)
  region size 1024K, 24 young (24576K), 3 survivors (3072K)
 Metaspace       used 68402K, capacity 69145K, committed 69324K, reserved 1110016K
  class space    used 8615K, capacity 8874K, committed 8908K, reserved 1048576K
}
Event: 20.549 GC heap after
{Heap after GC invocations=42 (full 0):
 garbage-first heap   total 89088K, used 52759K [0x0000000080a00000, 0x0000000100000000)
  region size 1024K, 3 young (3072K), 3 survivors (3072K)
 Metaspace       used 68402K, capacity 69145K, committed 69324K, reserved 1110016K
  class space    used 8615K, capacity 8874K, committed 8908K, reserved 1048576K
}
Event: 20.633 GC heap before
{Heap before GC invocations=42 (full 0):
 garbage-first heap   total 117760K, used 74263K [0x0000000080a00000, 0x0000000100000000)
  region size 1024K, 22 young (22528K), 3 survivors (3072K)
 Metaspace       used 68629K, capacity 69369K, committed 69708K, reserved 1110016K
  class space    used 8653K, capacity 8906K, committed 9036K, reserved 1048576K
}
Event: 20.640 GC heap after
{Heap after GC invocations=43 (full 0):
 garbage-first heap   total 141312K, used 58155K [0x0000000080a00000, 0x0000000100000000)
  region size 1024K, 3 young (3072K), 3 survivors (3072K)
 Metaspace       used 68629K, capacity 69369K, committed 69708K, reserved 1110016K
  class space    used 8653K, capacity 8906K, committed 9036K, reserved 1048576K
}
Event: 20.740 GC heap before
{Heap before GC invocations=44 (full 0):
 garbage-first heap   total 141312K, used 111403K [0x0000000080a00000, 0x0000000100000000)
  region size 1024K, 55 young (56320K), 3 survivors (3072K)
 Metaspace       used 68632K, capacity 69369K, committed 69708K, reserved 1110016K
  class space    used 8655K, capacity 8906K, committed 9036K, reserved 1048576K
}
Event: 20.747 GC heap after
{Heap after GC invocations=45 (full 0):
 garbage-first heap   total 141312K, used 62238K [0x0000000080a00000, 0x0000000100000000)
  region size 1024K, 7 young (7168K), 7 survivors (7168K)
 Metaspace       used 68632K, capacity 69369K, committed 69708K, reserved 1110016K
  class space    used 8655K, capacity 8906K, committed 9036K, reserved 1048576K
}
Event: 20.819 GC heap before
{Heap before GC invocations=45 (full 0):
 garbage-first heap   total 141312K, used 111390K [0x0000000080a00000, 0x0000000100000000)
  region size 1024K, 55 young (56320K), 7 survivors (7168K)
 Metaspace       used 68632K, capacity 69369K, committed 69708K, reserved 1110016K
  class space    used 8655K, capacity 8906K, committed 9036K, reserved 1048576K
}
Event: 20.826 GC heap after
{Heap after GC invocations=46 (full 0):
 garbage-first heap   total 141312K, used 65490K [0x0000000080a00000, 0x0000000100000000)
  region size 1024K, 4 young (4096K), 4 survivors (4096K)
 Metaspace       used 68632K, capacity 69369K, committed 69708K, reserved 1110016K
  class space    used 8655K, capacity 8906K, committed 9036K, reserved 1048576K
}
Event: 20.915 GC heap before
{Heap before GC invocations=46 (full 0):
 garbage-first heap   total 141312K, used 115666K [0x0000000080a00000, 0x0000000100000000)
  region size 1024K, 51 young (52224K), 4 survivors (4096K)
 Metaspace       used 68632K, capacity 69369K, committed 69708K, reserved 1110016K
  class space    used 8655K, capacity 8906K, committed 9036K, reserved 1048576K
}
Event: 20.922 GC heap after
{Heap after GC invocations=47 (full 0):
 garbage-first heap   total 141312K, used 72799K [0x0000000080a00000, 0x0000000100000000)
  region size 1024K, 6 young (6144K), 6 survivors (6144K)
 Metaspace       used 68632K, capacity 69369K, committed 69708K, reserved 1110016K
  class space    used 8655K, capacity 8906K, committed 9036K, reserved 1048576K
}
Event: 20.935 GC heap before
{Heap before GC invocations=47 (full 0):
 garbage-first heap   total 141312K, used 73823K [0x0000000080a00000, 0x0000000100000000)
  region size 1024K, 8 young (8192K), 6 survivors (6144K)
 Metaspace       used 68632K, capacity 69369K, committed 69708K, reserved 1110016K
  class space    used 8655K, capacity 8906K, committed 9036K, reserved 1048576K
}
Event: 20.940 GC heap after
{Heap after GC invocations=48 (full 0):
 garbage-first heap   total 235520K, used 74471K [0x0000000080a00000, 0x0000000100000000)
  region size 1024K, 2 young (2048K), 2 survivors (2048K)
 Metaspace       used 68632K, capacity 69369K, committed 69708K, reserved 1110016K
  class space    used 8655K, capacity 8906K, committed 9036K, reserved 1048576K
}
Event: 21.349 GC heap before
{Heap before GC invocations=49 (full 0):
 garbage-first heap   total 235520K, used 157415K [0x0000000080a00000, 0x0000000100000000)
  region size 1024K, 77 young (78848K), 2 survivors (2048K)
 Metaspace       used 70181K, capacity 70953K, committed 71244K, reserved 1112064K
  class space    used 8897K, capacity 9178K, committed 9292K, reserved 1048576K
}
Event: 21.369 GC heap after
{Heap after GC invocations=50 (full 0):
 garbage-first heap   total 235520K, used 95455K [0x0000000080a00000, 0x0000000100000000)
  region size 1024K, 10 young (10240K), 10 survivors (10240K)
 Metaspace       used 70181K, capacity 70953K, committed 71244K, reserved 1112064K
  class space    used 8897K, capacity 9178K, committed 9292K, reserved 1048576K
}
Event: 21.493 GC heap before
{Heap before GC invocations=50 (full 0):
 garbage-first heap   total 235520K, used 160991K [0x0000000080a00000, 0x0000000100000000)
  region size 1024K, 74 young (75776K), 10 survivors (10240K)
 Metaspace       used 70181K, capacity 70953K, committed 71244K, reserved 1112064K
  class space    used 8897K, capacity 9178K, committed 9292K, reserved 1048576K
}
Event: 21.508 GC heap after
{Heap after GC invocations=51 (full 0):
 garbage-first heap   total 235520K, used 103739K [0x0000000080a00000, 0x0000000100000000)
  region size 1024K, 8 young (8192K), 8 survivors (8192K)
 Metaspace       used 70181K, capacity 70953K, committed 71244K, reserved 1112064K
  class space    used 8897K, capacity 9178K, committed 9292K, reserved 1048576K
}
Event: 21.630 GC heap before
{Heap before GC invocations=51 (full 0):
 garbage-first heap   total 235520K, used 169275K [0x0000000080a00000, 0x0000000100000000)
  region size 1024K, 72 young (73728K), 8 survivors (8192K)
 Metaspace       used 70246K, capacity 70953K, committed 71244K, reserved 1112064K
  class space    used 8927K, capacity 9178K, committed 9292K, reserved 1048576K
}
Event: 21.640 GC heap after
{Heap after GC invocations=52 (full 0):
 garbage-first heap   total 235520K, used 111128K [0x0000000080a00000, 0x0000000100000000)
  region size 1024K, 8 young (8192K), 8 survivors (8192K)
 Metaspace       used 70246K, capacity 70953K, committed 71244K, reserved 1112064K
  class space    used 8927K, capacity 9178K, committed 9292K, reserved 1048576K
}
Event: 21.750 GC heap before
{Heap before GC invocations=52 (full 0):
 garbage-first heap   total 235520K, used 176664K [0x0000000080a00000, 0x0000000100000000)
  region size 1024K, 72 young (73728K), 8 survivors (8192K)
 Metaspace       used 70250K, capacity 70985K, committed 71244K, reserved 1112064K
  class space    used 8928K, capacity 9210K, committed 9292K, reserved 1048576K
}

