# JRE version: OpenJDK Runtime Environment (15.0+36) (build 15+36-1562)
# Java VM: OpenJDK 64-Bit Server VM (15+36-1562, mixed mode, tiered, compressed oops, g1 gc, windows-amd64)
GC Precious Log:
 CPUs: 4 total, 4 available
 Memory: 8144M
 Large Page Support: Disabled
 NUMA Support: Disabled
 Compressed Oops: Enabled (32-bit)
 Heap Region Size: 1M
 Heap Min Capacity: 8M
 Heap Initial Capacity: 128M
 Heap Max Capacity: 2038M
 Pre-touch: Disabled
 Parallel Workers: 4
 Concurrent Workers: 1
 Concurrent Refinement Workers: 4
 Periodic GC: Disabled
Heap:
 garbage-first heap   total 206848K, used 122650K [0x0000000080a00000, 0x0000000100000000)
  region size 1024K, 44 young (45056K), 6 survivors (6144K)
 Metaspace       used 69707K, capacity 70332K, committed 70448K, reserved 1110016K
  class space    used 8827K, capacity 9051K, committed 9088K, reserved 1048576K
GC Heap History (20 events):
Event: 40.027 GC heap before
{Heap before GC invocations=45 (full 0):
 garbage-first heap   total 87040K, used 67534K [0x0000000080a00000, 0x0000000100000000)
  region size 1024K, 23 young (23552K), 3 survivors (3072K)
 Metaspace       used 67909K, capacity 68556K, committed 68656K, reserved 1110016K
  class space    used 8540K, capacity 8779K, committed 8832K, reserved 1048576K
}
Event: 40.030 GC heap after
{Heap after GC invocations=46 (full 0):
 garbage-first heap   total 87040K, used 49084K [0x0000000080a00000, 0x0000000100000000)
  region size 1024K, 3 young (3072K), 3 survivors (3072K)
 Metaspace       used 67909K, capacity 68556K, committed 68656K, reserved 1110016K
  class space    used 8540K, capacity 8779K, committed 8832K, reserved 1048576K
}
Event: 40.088 GC heap before
{Heap before GC invocations=46 (full 0):
 garbage-first heap   total 87040K, used 68540K [0x0000000080a00000, 0x0000000100000000)
  region size 1024K, 22 young (22528K), 3 survivors (3072K)
 Metaspace       used 68153K, capacity 68780K, committed 68912K, reserved 1110016K
  class space    used 8585K, capacity 8811K, committed 8832K, reserved 1048576K
}
Event: 40.091 GC heap after
{Heap after GC invocations=47 (full 0):
 garbage-first heap   total 87040K, used 51484K [0x0000000080a00000, 0x0000000100000000)
  region size 1024K, 3 young (3072K), 3 survivors (3072K)
 Metaspace       used 68153K, capacity 68780K, committed 68912K, reserved 1110016K
  class space    used 8585K, capacity 8811K, committed 8832K, reserved 1048576K
}
Event: 40.154 GC heap before
{Heap before GC invocations=47 (full 0):
 garbage-first heap   total 87040K, used 71964K [0x0000000080a00000, 0x0000000100000000)
  region size 1024K, 21 young (21504K), 3 survivors (3072K)
 Metaspace       used 68159K, capacity 68780K, committed 68912K, reserved 1110016K
  class space    used 8586K, capacity 8811K, committed 8832K, reserved 1048576K
}
Event: 40.159 GC heap after
{Heap after GC invocations=48 (full 0):
 garbage-first heap   total 104448K, used 56314K [0x0000000080a00000, 0x0000000100000000)
  region size 1024K, 3 young (3072K), 3 survivors (3072K)
 Metaspace       used 68159K, capacity 68780K, committed 68912K, reserved 1110016K
  class space    used 8586K, capacity 8811K, committed 8832K, reserved 1048576K
}
Event: 40.211 GC heap before
{Heap before GC invocations=49 (full 0):
 garbage-first heap   total 104448K, used 81914K [0x0000000080a00000, 0x0000000100000000)
  region size 1024K, 28 young (28672K), 3 survivors (3072K)
 Metaspace       used 68159K, capacity 68780K, committed 68912K, reserved 1110016K
  class space    used 8586K, capacity 8811K, committed 8832K, reserved 1048576K
}
Event: 40.215 GC heap after
{Heap after GC invocations=50 (full 0):
 garbage-first heap   total 104448K, used 58230K [0x0000000080a00000, 0x0000000100000000)
  region size 1024K, 2 young (2048K), 2 survivors (2048K)
 Metaspace       used 68159K, capacity 68780K, committed 68912K, reserved 1110016K
  class space    used 8586K, capacity 8811K, committed 8832K, reserved 1048576K
}
Event: 40.250 GC heap before
{Heap before GC invocations=50 (full 0):
 garbage-first heap   total 104448K, used 83830K [0x0000000080a00000, 0x0000000100000000)
  region size 1024K, 27 young (27648K), 2 survivors (2048K)
 Metaspace       used 68159K, capacity 68780K, committed 68912K, reserved 1110016K
  class space    used 8586K, capacity 8811K, committed 8832K, reserved 1048576K
}
Event: 40.253 GC heap after
{Heap after GC invocations=51 (full 0):
 garbage-first heap   total 104448K, used 60111K [0x0000000080a00000, 0x0000000100000000)
  region size 1024K, 4 young (4096K), 4 survivors (4096K)
 Metaspace       used 68159K, capacity 68780K, committed 68912K, reserved 1110016K
  class space    used 8586K, capacity 8811K, committed 8832K, reserved 1048576K
}
Event: 40.298 GC heap before
{Heap before GC invocations=51 (full 0):
 garbage-first heap   total 104448K, used 84687K [0x0000000080a00000, 0x0000000100000000)
  region size 1024K, 28 young (28672K), 4 survivors (4096K)
 Metaspace       used 68159K, capacity 68780K, committed 68912K, reserved 1110016K
  class space    used 8586K, capacity 8811K, committed 8832K, reserved 1048576K
}
Event: 40.302 GC heap after
{Heap after GC invocations=52 (full 0):
 garbage-first heap   total 104448K, used 62109K [0x0000000080a00000, 0x0000000100000000)
  region size 1024K, 3 young (3072K), 3 survivors (3072K)
 Metaspace       used 68159K, capacity 68780K, committed 68912K, reserved 1110016K
  class space    used 8586K, capacity 8811K, committed 8832K, reserved 1048576K
}
Event: 40.350 GC heap before
{Heap before GC invocations=52 (full 0):
 garbage-first heap   total 111616K, used 80541K [0x0000000080a00000, 0x0000000100000000)
  region size 1024K, 25 young (25600K), 3 survivors (3072K)
 Metaspace       used 68159K, capacity 68780K, committed 68912K, reserved 1110016K
  class space    used 8586K, capacity 8811K, committed 8832K, reserved 1048576K
}
Event: 40.354 GC heap after
{Heap after GC invocations=53 (full 0):
 garbage-first heap   total 181248K, used 59769K [0x0000000080a00000, 0x0000000100000000)
  region size 1024K, 3 young (3072K), 3 survivors (3072K)
 Metaspace       used 68159K, capacity 68780K, committed 68912K, reserved 1110016K
  class space    used 8586K, capacity 8811K, committed 8832K, reserved 1048576K
}
Event: 40.517 GC heap before
{Heap before GC invocations=54 (full 0):
 garbage-first heap   total 181248K, used 115065K [0x0000000080a00000, 0x0000000100000000)
  region size 1024K, 52 young (53248K), 3 survivors (3072K)
 Metaspace       used 68159K, capacity 68780K, committed 68912K, reserved 1110016K
  class space    used 8586K, capacity 8811K, committed 8832K, reserved 1048576K
}
Event: 40.528 GC heap after
{Heap after GC invocations=55 (full 0):
 garbage-first heap   total 181248K, used 75769K [0x0000000080a00000, 0x0000000100000000)
  region size 1024K, 10 young (10240K), 10 survivors (10240K)
 Metaspace       used 68159K, capacity 68780K, committed 68912K, reserved 1110016K
  class space    used 8586K, capacity 8811K, committed 8832K, reserved 1048576K
}
Event: 40.873 GC heap before
{Heap before GC invocations=56 (full 0):
 garbage-first heap   total 181248K, used 142329K [0x0000000080a00000, 0x0000000100000000)
  region size 1024K, 71 young (72704K), 10 survivors (10240K)
 Metaspace       used 69707K, capacity 70332K, committed 70448K, reserved 1110016K
  class space    used 8827K, capacity 9051K, committed 9088K, reserved 1048576K
}
Event: 40.890 GC heap after
{Heap after GC invocations=57 (full 0):
 garbage-first heap   total 181248K, used 86461K [0x0000000080a00000, 0x0000000100000000)
  region size 1024K, 9 young (9216K), 9 survivors (9216K)
 Metaspace       used 69707K, capacity 70332K, committed 70448K, reserved 1110016K
  class space    used 8827K, capacity 9051K, committed 9088K, reserved 1048576K
}
Event: 40.997 GC heap before
{Heap before GC invocations=57 (full 0):
 garbage-first heap   total 181248K, used 137661K [0x0000000080a00000, 0x0000000100000000)
  region size 1024K, 59 young (60416K), 9 survivors (9216K)
 Metaspace       used 69707K, capacity 70332K, committed 70448K, reserved 1110016K
  class space    used 8827K, capacity 9051K, committed 9088K, reserved 1048576K
}
Event: 41.008 GC heap after
{Heap after GC invocations=58 (full 0):
 garbage-first heap   total 181248K, used 92954K [0x0000000080a00000, 0x0000000100000000)
  region size 1024K, 6 young (6144K), 6 survivors (6144K)
 Metaspace       used 69707K, capacity 70332K, committed 70448K, reserved 1110016K
  class space    used 8827K, capacity 9051K, committed 9088K, reserved 1048576K
}

