# JRE version: OpenJDK Runtime Environment (15.0+36) (build 15+36-1562)
# Java VM: OpenJDK 64-Bit Server VM (15+36-1562, mixed mode, tiered, compressed oops, g1 gc, windows-amd64)
GC Precious Log:
 CPUs: 4 total, 4 available
 Memory: 8144M
 Large Page Support: Disabled
 NUMA Support: Disabled
 Compressed Oops: Enabled (32-bit)
 Heap Region Size: 1M
 Heap Min Capacity: 8M
 Heap Initial Capacity: 128M
 Heap Max Capacity: 2038M
 Pre-touch: Disabled
 Parallel Workers: 4
 Concurrent Workers: 1
 Concurrent Refinement Workers: 4
 Periodic GC: Disabled
Heap:
 garbage-first heap   total 726016K, used 115478K [0x0000000080a00000, 0x0000000100000000)
  region size 1024K, 6 young (6144K), 6 survivors (6144K)
 Metaspace       used 71312K, capacity 72054K, committed 72320K, reserved 1112064K
  class space    used 9034K, capacity 9285K, committed 9420K, reserved 1048576K
GC Heap History (20 events):
Event: 1126.896 GC heap after
{Heap after GC invocations=57 (full 0):
 garbage-first heap   total 110592K, used 63221K [0x0000000080a00000, 0x0000000100000000)
  region size 1024K, 3 young (3072K), 3 survivors (3072K)
 Metaspace       used 69644K, capacity 70406K, committed 70656K, reserved 1112064K
  class space    used 8758K, capacity 9013K, committed 9036K, reserved 1048576K
}
Event: 1126.957 GC heap before
{Heap before GC invocations=57 (full 0):
 garbage-first heap   total 110592K, used 89845K [0x0000000080a00000, 0x0000000100000000)
  region size 1024K, 29 young (29696K), 3 survivors (3072K)
 Metaspace       used 69644K, capacity 70406K, committed 70656K, reserved 1112064K
  class space    used 8758K, capacity 9013K, committed 9036K, reserved 1048576K
}
Event: 1126.961 GC heap after
{Heap after GC invocations=58 (full 0):
 garbage-first heap   total 110592K, used 65267K [0x0000000080a00000, 0x0000000100000000)
  region size 1024K, 3 young (3072K), 3 survivors (3072K)
 Metaspace       used 69644K, capacity 70406K, committed 70656K, reserved 1112064K
  class space    used 8758K, capacity 9013K, committed 9036K, reserved 1048576K
}
Event: 1126.999 GC heap before
{Heap before GC invocations=58 (full 0):
 garbage-first heap   total 110592K, used 85747K [0x0000000080a00000, 0x0000000100000000)
  region size 1024K, 27 young (27648K), 3 survivors (3072K)
 Metaspace       used 69644K, capacity 70406K, committed 70656K, reserved 1112064K
  class space    used 8758K, capacity 9013K, committed 9036K, reserved 1048576K
}
Event: 1127.003 GC heap after
{Heap after GC invocations=59 (full 0):
 garbage-first heap   total 158720K, used 63169K [0x0000000080a00000, 0x0000000100000000)
  region size 1024K, 3 young (3072K), 3 survivors (3072K)
 Metaspace       used 69644K, capacity 70406K, committed 70656K, reserved 1112064K
  class space    used 8758K, capacity 9013K, committed 9036K, reserved 1048576K
}
Event: 1127.344 GC heap before
{Heap before GC invocations=60 (full 0):
 garbage-first heap   total 158720K, used 134849K [0x0000000080a00000, 0x0000000100000000)
  region size 1024K, 62 young (63488K), 3 survivors (3072K)
 Metaspace       used 70919K, capacity 71655K, committed 71936K, reserved 1112064K
  class space    used 8952K, capacity 9216K, committed 9292K, reserved 1048576K
}
Event: 1127.362 GC heap after
{Heap after GC invocations=61 (full 0):
 garbage-first heap   total 158720K, used 88051K [0x0000000080a00000, 0x0000000100000000)
  region size 1024K, 8 young (8192K), 8 survivors (8192K)
 Metaspace       used 70919K, capacity 71655K, committed 71936K, reserved 1112064K
  class space    used 8952K, capacity 9216K, committed 9292K, reserved 1048576K
}
Event: 1127.365 GC heap before
{Heap before GC invocations=61 (full 0):
 garbage-first heap   total 158720K, used 89075K [0x0000000080a00000, 0x0000000100000000)
  region size 1024K, 9 young (9216K), 8 survivors (8192K)
 Metaspace       used 70919K, capacity 71655K, committed 71936K, reserved 1112064K
  class space    used 8952K, capacity 9216K, committed 9292K, reserved 1048576K
}
Event: 1127.379 GC heap after
{Heap after GC invocations=62 (full 0):
 garbage-first heap   total 158720K, used 81292K [0x0000000080a00000, 0x0000000100000000)
  region size 1024K, 1 young (1024K), 1 survivors (1024K)
 Metaspace       used 70919K, capacity 71655K, committed 71936K, reserved 1112064K
  class space    used 8952K, capacity 9216K, committed 9292K, reserved 1048576K
}
Event: 1127.481 GC heap before
{Heap before GC invocations=62 (full 0):
 garbage-first heap   total 158720K, used 119180K [0x0000000080a00000, 0x0000000100000000)
  region size 1024K, 37 young (37888K), 1 survivors (1024K)
 Metaspace       used 71191K, capacity 71958K, committed 72192K, reserved 1112064K
  class space    used 8998K, capacity 9253K, committed 9292K, reserved 1048576K
}
Event: 1127.491 GC heap after
{Heap after GC invocations=63 (full 0):
 garbage-first heap   total 158720K, used 89088K [0x0000000080a00000, 0x0000000100000000)
  region size 1024K, 5 young (5120K), 5 survivors (5120K)
 Metaspace       used 71191K, capacity 71958K, committed 72192K, reserved 1112064K
  class space    used 8998K, capacity 9253K, committed 9292K, reserved 1048576K
}
Event: 1127.571 GC heap before
{Heap before GC invocations=63 (full 0):
 garbage-first heap   total 183296K, used 109568K [0x0000000080a00000, 0x0000000100000000)
  region size 1024K, 38 young (38912K), 5 survivors (5120K)
 Metaspace       used 71192K, capacity 71958K, committed 72192K, reserved 1112064K
  class space    used 8998K, capacity 9253K, committed 9292K, reserved 1048576K
}
Event: 1127.581 GC heap after
{Heap after GC invocations=64 (full 0):
 garbage-first heap   total 385024K, used 80029K [0x0000000080a00000, 0x0000000100000000)
  region size 1024K, 4 young (4096K), 4 survivors (4096K)
 Metaspace       used 71192K, capacity 71958K, committed 72192K, reserved 1112064K
  class space    used 8998K, capacity 9253K, committed 9292K, reserved 1048576K
}
Event: 1128.036 GC heap before
{Heap before GC invocations=65 (full 0):
 garbage-first heap   total 385024K, used 265373K [0x0000000080a00000, 0x0000000100000000)
  region size 1024K, 185 young (189440K), 4 survivors (4096K)
 Metaspace       used 71242K, capacity 71990K, committed 72320K, reserved 1112064K
  class space    used 9032K, capacity 9285K, committed 9420K, reserved 1048576K
}
Event: 1128.063 GC heap after
{Heap after GC invocations=66 (full 0):
 garbage-first heap   total 385024K, used 98588K [0x0000000080a00000, 0x0000000100000000)
  region size 1024K, 22 young (22528K), 22 survivors (22528K)
 Metaspace       used 71242K, capacity 71990K, committed 72320K, reserved 1112064K
  class space    used 9032K, capacity 9285K, committed 9420K, reserved 1048576K
}
Event: 1128.353 GC heap before
{Heap before GC invocations=66 (full 0):
 garbage-first heap   total 385024K, used 271644K [0x0000000080a00000, 0x0000000100000000)
  region size 1024K, 191 young (195584K), 22 survivors (22528K)
 Metaspace       used 71242K, capacity 71990K, committed 72320K, reserved 1112064K
  class space    used 9032K, capacity 9285K, committed 9420K, reserved 1048576K
}
Event: 1128.382 GC heap after
{Heap after GC invocations=67 (full 0):
 garbage-first heap   total 385024K, used 114696K [0x0000000080a00000, 0x0000000100000000)
  region size 1024K, 17 young (17408K), 17 survivors (17408K)
 Metaspace       used 71242K, capacity 71990K, committed 72320K, reserved 1112064K
  class space    used 9032K, capacity 9285K, committed 9420K, reserved 1048576K
}
Event: 1129.184 GC heap before
{Heap before GC invocations=67 (full 0):
 garbage-first heap   total 385024K, used 283656K [0x0000000080a00000, 0x0000000100000000)
  region size 1024K, 182 young (186368K), 17 survivors (17408K)
 Metaspace       used 71312K, capacity 72054K, committed 72320K, reserved 1112064K
  class space    used 9034K, capacity 9285K, committed 9420K, reserved 1048576K
}
Event: 1129.198 GC heap after
{Heap after GC invocations=68 (full 0):
 garbage-first heap   total 385024K, used 115712K [0x0000000080a00000, 0x0000000100000000)
  region size 1024K, 6 young (6144K), 6 survivors (6144K)
 Metaspace       used 71312K, capacity 72054K, committed 72320K, reserved 1112064K
  class space    used 9034K, capacity 9285K, committed 9420K, reserved 1048576K
}
Event: 1130.274 GC heap before
{Heap before GC invocations=68 (full 0):
 garbage-first heap   total 385024K, used 296960K [0x0000000080a00000, 0x0000000100000000)
  region size 1024K, 183 young (187392K), 6 survivors (6144K)
 Metaspace       used 71312K, capacity 72054K, committed 72320K, reserved 1112064K
  class space    used 9034K, capacity 9285K, committed 9420K, reserved 1048576K
}

